{"D:\\QA project\\WEB DEVELOPMENT BACKEND\\Controllers\\UserController.js": {"path":"D:\\QA project\\WEB DEVELOPMENT BACKEND\\Controllers\\UserController.js","statementMap":{"0":{"start":{"line":1,"column":13},"end":{"line":1,"column":42}},"1":{"start":{"line":4,"column":20},"end":{"line":19,"column":1}},"2":{"start":{"line":5,"column":4},"end":{"line":18,"column":5}},"3":{"start":{"line":6,"column":22},"end":{"line":6,"column":59}},"4":{"start":{"line":7,"column":8},"end":{"line":10,"column":11}},"5":{"start":{"line":12,"column":8},"end":{"line":12,"column":52}},"6":{"start":{"line":13,"column":8},"end":{"line":17,"column":11}},"7":{"start":{"line":21,"column":17},"end":{"line":68,"column":1}},"8":{"start":{"line":22,"column":86},"end":{"line":22,"column":94}},"9":{"start":{"line":24,"column":4},"end":{"line":67,"column":5}},"10":{"start":{"line":26,"column":29},"end":{"line":26,"column":58}},"11":{"start":{"line":27,"column":8},"end":{"line":29,"column":9}},"12":{"start":{"line":28,"column":12},"end":{"line":28,"column":81}},"13":{"start":{"line":32,"column":21},"end":{"line":32,"column":45}},"14":{"start":{"line":33,"column":31},"end":{"line":33,"column":64}},"15":{"start":{"line":36,"column":21},"end":{"line":45,"column":10}},"16":{"start":{"line":47,"column":8},"end":{"line":47,"column":26}},"17":{"start":{"line":50,"column":22},"end":{"line":54,"column":9}},"18":{"start":{"line":57,"column":29},"end":{"line":57,"column":44}},"19":{"start":{"line":58,"column":8},"end":{"line":58,"column":37}},"20":{"start":{"line":60,"column":8},"end":{"line":63,"column":11}},"21":{"start":{"line":65,"column":8},"end":{"line":65,"column":27}},"22":{"start":{"line":66,"column":8},"end":{"line":66,"column":71}},"23":{"start":{"line":70,"column":16},"end":{"line":78,"column":1}},"24":{"start":{"line":71,"column":4},"end":{"line":77,"column":5}},"25":{"start":{"line":72,"column":21},"end":{"line":72,"column":55}},"26":{"start":{"line":73,"column":8},"end":{"line":73,"column":74}},"27":{"start":{"line":73,"column":18},"end":{"line":73,"column":74}},"28":{"start":{"line":74,"column":8},"end":{"line":74,"column":44}},"29":{"start":{"line":76,"column":8},"end":{"line":76,"column":62}},"30":{"start":{"line":80,"column":18},"end":{"line":88,"column":1}},"31":{"start":{"line":81,"column":4},"end":{"line":87,"column":5}},"32":{"start":{"line":82,"column":21},"end":{"line":82,"column":89}},"33":{"start":{"line":83,"column":8},"end":{"line":83,"column":89}},"34":{"start":{"line":83,"column":18},"end":{"line":83,"column":89}},"35":{"start":{"line":84,"column":8},"end":{"line":84,"column":44}},"36":{"start":{"line":86,"column":8},"end":{"line":86,"column":62}},"37":{"start":{"line":90,"column":19},"end":{"line":98,"column":1}},"38":{"start":{"line":91,"column":4},"end":{"line":97,"column":5}},"39":{"start":{"line":92,"column":20},"end":{"line":92,"column":63}},"40":{"start":{"line":93,"column":8},"end":{"line":93,"column":89}},"41":{"start":{"line":93,"column":18},"end":{"line":93,"column":89}},"42":{"start":{"line":94,"column":8},"end":{"line":94,"column":44}},"43":{"start":{"line":96,"column":8},"end":{"line":96,"column":62}},"44":{"start":{"line":100,"column":18},"end":{"line":153,"column":1}},"45":{"start":{"line":101,"column":32},"end":{"line":101,"column":40}},"46":{"start":{"line":103,"column":4},"end":{"line":152,"column":5}},"47":{"start":{"line":105,"column":8},"end":{"line":110,"column":9}},"48":{"start":{"line":106,"column":12},"end":{"line":109,"column":15}},"49":{"start":{"line":113,"column":21},"end":{"line":113,"column":50}},"50":{"start":{"line":114,"column":8},"end":{"line":119,"column":9}},"51":{"start":{"line":115,"column":12},"end":{"line":118,"column":15}},"52":{"start":{"line":122,"column":32},"end":{"line":122,"column":77}},"53":{"start":{"line":123,"column":8},"end":{"line":128,"column":9}},"54":{"start":{"line":124,"column":12},"end":{"line":127,"column":15}},"55":{"start":{"line":131,"column":22},"end":{"line":135,"column":9}},"56":{"start":{"line":138,"column":29},"end":{"line":138,"column":44}},"57":{"start":{"line":139,"column":8},"end":{"line":139,"column":37}},"58":{"start":{"line":141,"column":8},"end":{"line":145,"column":11}},"59":{"start":{"line":147,"column":8},"end":{"line":147,"column":27}},"60":{"start":{"line":148,"column":8},"end":{"line":151,"column":11}},"61":{"start":{"line":156,"column":23},"end":{"line":185,"column":1}},"62":{"start":{"line":157,"column":34},"end":{"line":157,"column":42}},"63":{"start":{"line":159,"column":4},"end":{"line":161,"column":5}},"64":{"start":{"line":160,"column":8},"end":{"line":160,"column":104}},"65":{"start":{"line":163,"column":4},"end":{"line":184,"column":5}},"66":{"start":{"line":164,"column":21},"end":{"line":164,"column":48}},"67":{"start":{"line":165,"column":8},"end":{"line":165,"column":94}},"68":{"start":{"line":165,"column":19},"end":{"line":165,"column":94}},"69":{"start":{"line":167,"column":8},"end":{"line":177,"column":11}},"70":{"start":{"line":168,"column":12},"end":{"line":176,"column":15}},"71":{"start":{"line":179,"column":8},"end":{"line":179,"column":26}},"72":{"start":{"line":180,"column":8},"end":{"line":180,"column":86}},"73":{"start":{"line":182,"column":8},"end":{"line":182,"column":27}},"74":{"start":{"line":183,"column":8},"end":{"line":183,"column":81}},"75":{"start":{"line":187,"column":0},"end":{"line":195,"column":2}}},"fnMap":{"0":{"name":"(anonymous_0)","decl":{"start":{"line":4,"column":20},"end":{"line":4,"column":21}},"loc":{"start":{"line":4,"column":39},"end":{"line":19,"column":1}},"line":4},"1":{"name":"(anonymous_1)","decl":{"start":{"line":21,"column":17},"end":{"line":21,"column":18}},"loc":{"start":{"line":21,"column":37},"end":{"line":68,"column":1}},"line":21},"2":{"name":"(anonymous_2)","decl":{"start":{"line":70,"column":16},"end":{"line":70,"column":17}},"loc":{"start":{"line":70,"column":32},"end":{"line":78,"column":1}},"line":70},"3":{"name":"(anonymous_3)","decl":{"start":{"line":80,"column":18},"end":{"line":80,"column":19}},"loc":{"start":{"line":80,"column":34},"end":{"line":88,"column":1}},"line":80},"4":{"name":"(anonymous_4)","decl":{"start":{"line":90,"column":19},"end":{"line":90,"column":20}},"loc":{"start":{"line":90,"column":35},"end":{"line":98,"column":1}},"line":90},"5":{"name":"(anonymous_5)","decl":{"start":{"line":100,"column":18},"end":{"line":100,"column":19}},"loc":{"start":{"line":100,"column":37},"end":{"line":153,"column":1}},"line":100},"6":{"name":"(anonymous_6)","decl":{"start":{"line":156,"column":23},"end":{"line":156,"column":24}},"loc":{"start":{"line":156,"column":43},"end":{"line":185,"column":1}},"line":156},"7":{"name":"(anonymous_7)","decl":{"start":{"line":167,"column":26},"end":{"line":167,"column":27}},"loc":{"start":{"line":167,"column":34},"end":{"line":177,"column":9}},"line":167}},"branchMap":{"0":{"loc":{"start":{"line":27,"column":8},"end":{"line":29,"column":9}},"type":"if","locations":[{"start":{"line":27,"column":8},"end":{"line":29,"column":9}},{"start":{},"end":{}}],"line":27},"1":{"loc":{"start":{"line":73,"column":8},"end":{"line":73,"column":74}},"type":"if","locations":[{"start":{"line":73,"column":8},"end":{"line":73,"column":74}},{"start":{},"end":{}}],"line":73},"2":{"loc":{"start":{"line":83,"column":8},"end":{"line":83,"column":89}},"type":"if","locations":[{"start":{"line":83,"column":8},"end":{"line":83,"column":89}},{"start":{},"end":{}}],"line":83},"3":{"loc":{"start":{"line":93,"column":8},"end":{"line":93,"column":89}},"type":"if","locations":[{"start":{"line":93,"column":8},"end":{"line":93,"column":89}},{"start":{},"end":{}}],"line":93},"4":{"loc":{"start":{"line":105,"column":8},"end":{"line":110,"column":9}},"type":"if","locations":[{"start":{"line":105,"column":8},"end":{"line":110,"column":9}},{"start":{},"end":{}}],"line":105},"5":{"loc":{"start":{"line":105,"column":12},"end":{"line":105,"column":31}},"type":"binary-expr","locations":[{"start":{"line":105,"column":12},"end":{"line":105,"column":18}},{"start":{"line":105,"column":22},"end":{"line":105,"column":31}}],"line":105},"6":{"loc":{"start":{"line":114,"column":8},"end":{"line":119,"column":9}},"type":"if","locations":[{"start":{"line":114,"column":8},"end":{"line":119,"column":9}},{"start":{},"end":{}}],"line":114},"7":{"loc":{"start":{"line":123,"column":8},"end":{"line":128,"column":9}},"type":"if","locations":[{"start":{"line":123,"column":8},"end":{"line":128,"column":9}},{"start":{},"end":{}}],"line":123},"8":{"loc":{"start":{"line":159,"column":4},"end":{"line":161,"column":5}},"type":"if","locations":[{"start":{"line":159,"column":4},"end":{"line":161,"column":5}},{"start":{},"end":{}}],"line":159},"9":{"loc":{"start":{"line":159,"column":8},"end":{"line":159,"column":50}},"type":"binary-expr","locations":[{"start":{"line":159,"column":8},"end":{"line":159,"column":15}},{"start":{"line":159,"column":19},"end":{"line":159,"column":29}},{"start":{"line":159,"column":33},"end":{"line":159,"column":50}}],"line":159},"10":{"loc":{"start":{"line":165,"column":8},"end":{"line":165,"column":94}},"type":"if","locations":[{"start":{"line":165,"column":8},"end":{"line":165,"column":94}},{"start":{},"end":{}}],"line":165}},"s":{"0":1,"1":1,"2":1,"3":1,"4":0,"5":1,"6":1,"7":1,"8":1,"9":1,"10":1,"11":1,"12":0,"13":1,"14":0,"15":0,"16":0,"17":0,"18":0,"19":0,"20":0,"21":1,"22":1,"23":1,"24":0,"25":0,"26":0,"27":0,"28":0,"29":0,"30":1,"31":0,"32":0,"33":0,"34":0,"35":0,"36":0,"37":1,"38":0,"39":0,"40":0,"41":0,"42":0,"43":0,"44":1,"45":0,"46":0,"47":0,"48":0,"49":0,"50":0,"51":0,"52":0,"53":0,"54":0,"55":0,"56":0,"57":0,"58":0,"59":0,"60":0,"61":1,"62":0,"63":0,"64":0,"65":0,"66":0,"67":0,"68":0,"69":0,"70":0,"71":0,"72":0,"73":0,"74":0,"75":1},"f":{"0":1,"1":1,"2":0,"3":0,"4":0,"5":0,"6":0,"7":0},"b":{"0":[0,1],"1":[0,0],"2":[0,0],"3":[0,0],"4":[0,0],"5":[0,0],"6":[0,0],"7":[0,0],"8":[0,0],"9":[0,0,0],"10":[0,0]},"_coverageSchema":"1a1c01bbd47fc00a2c39e90264f33305004495a9","hash":"fd3884fb8a3a2da4f1fb9045e618701750055109"}
}
