TN:
SF:Controllers\UserController.js
FN:4,(anonymous_0)
FN:21,(anonymous_1)
FN:70,(anonymous_2)
FN:80,(anonymous_3)
FN:90,(anonymous_4)
FN:100,(anonymous_5)
FN:156,(anonymous_6)
FN:167,(anonymous_7)
FNF:8
FNH:2
FNDA:1,(anonymous_0)
FNDA:1,(anonymous_1)
FNDA:0,(anonymous_2)
FNDA:0,(anonymous_3)
FNDA:0,(anonymous_4)
FNDA:0,(anonymous_5)
FNDA:0,(anonymous_6)
FNDA:0,(anonymous_7)
DA:1,1
DA:4,1
DA:5,1
DA:6,1
DA:7,0
DA:12,1
DA:13,1
DA:21,1
DA:22,1
DA:24,1
DA:26,1
DA:27,1
DA:28,0
DA:32,1
DA:33,0
DA:36,0
DA:47,0
DA:50,0
DA:57,0
DA:58,0
DA:60,0
DA:65,1
DA:66,1
DA:70,1
DA:71,0
DA:72,0
DA:73,0
DA:74,0
DA:76,0
DA:80,1
DA:81,0
DA:82,0
DA:83,0
DA:84,0
DA:86,0
DA:90,1
DA:91,0
DA:92,0
DA:93,0
DA:94,0
DA:96,0
DA:100,1
DA:101,0
DA:103,0
DA:105,0
DA:106,0
DA:113,0
DA:114,0
DA:115,0
DA:122,0
DA:123,0
DA:124,0
DA:131,0
DA:138,0
DA:139,0
DA:141,0
DA:147,0
DA:148,0
DA:156,1
DA:157,0
DA:159,0
DA:160,0
DA:163,0
DA:164,0
DA:165,0
DA:167,0
DA:168,0
DA:179,0
DA:180,0
DA:182,0
DA:183,0
DA:187,1
LF:72
LH:20
BRDA:27,0,0,0
BRDA:27,0,1,1
BRDA:73,1,0,0
BRDA:73,1,1,0
BRDA:83,2,0,0
BRDA:83,2,1,0
BRDA:93,3,0,0
BRDA:93,3,1,0
BRDA:105,4,0,0
BRDA:105,4,1,0
BRDA:105,5,0,0
BRDA:105,5,1,0
BRDA:114,6,0,0
BRDA:114,6,1,0
BRDA:123,7,0,0
BRDA:123,7,1,0
BRDA:159,8,0,0
BRDA:159,8,1,0
BRDA:159,9,0,0
BRDA:159,9,1,0
BRDA:159,9,2,0
BRDA:165,10,0,0
BRDA:165,10,1,0
BRF:23
BRH:1
end_of_record
